[INFO  - 2017-11-22T10:57:33.340Z] GhostDriver - Main - running on port 39889
[INFO  - 2017-11-22T10:57:34.189Z] Session [f1b8fab0-cf73-11e7-8048-bb9cf4a007b9] - page.settings - {"XSSAuditingEnabled":false,"javascriptCanCloseWindows":true,"javascriptCanOpenWindows":true,"javascriptEnabled":true,"loadImages":true,"localToRemoteUrlAccessEnabled":false,"userAgent":"Mozilla/5.0 (Unknown; Linux x86_64) AppleWebKit/538.1 (KHTML, like Gecko) PhantomJS/2.1.1 Safari/538.1","webSecurityEnabled":true}
[INFO  - 2017-11-22T10:57:34.191Z] Session [f1b8fab0-cf73-11e7-8048-bb9cf4a007b9] - page.customHeaders:  - {}
[INFO  - 2017-11-22T10:57:34.192Z] Session [f1b8fab0-cf73-11e7-8048-bb9cf4a007b9] - Session.negotiatedCapabilities - {"browserName":"phantomjs","version":"2.1.1","driverName":"ghostdriver","driverVersion":"1.2.0","platform":"linux-unknown-64bit","javascriptEnabled":true,"takesScreenshot":true,"handlesAlerts":false,"databaseEnabled":false,"locationContextEnabled":false,"applicationCacheEnabled":false,"browserConnectionEnabled":false,"cssSelectorsEnabled":true,"webStorageEnabled":false,"rotatable":false,"acceptSslCerts":false,"nativeEvents":true,"proxy":{"proxyType":"direct"}}
[INFO  - 2017-11-22T10:57:34.193Z] SessionManagerReqHand - _postNewSessionCommand - New Session Created: f1b8fab0-cf73-11e7-8048-bb9cf4a007b9
[ERROR - 2017-11-22T10:59:25.874Z] Session [f1b8fab0-cf73-11e7-8048-bb9cf4a007b9] - page.onError - msg: TypeError: undefined is not an object (evaluating 'o.arguments[0]')

  phantomjs://platform/console++.js:263 in error
[ERROR - 2017-11-22T10:59:25.875Z] Session [f1b8fab0-cf73-11e7-8048-bb9cf4a007b9] - page.onError - stack:
  getEvent (https://login.sina.com.cn/js/cardtips.js:228)
  (anonymous function) (https://login.sina.com.cn/js/cardtips.js:526)
  sendEvent (:0)
  _keyEvent (phantomjs://code/inputs.js:325)
  _pressKey (phantomjs://code/inputs.js:280)
  _sendKeys (phantomjs://code/inputs.js:237)
  _postValueCommand (phantomjs://code/webelement_request_handler.js:288)
  _handle[INFO  - 2017-11-22T11:02:51.492Z] SessionManagerReqHand - _cleanupWindowlessSessions - Asynchronous Sessions clean-up phase starting NOW
[INFO  - 2017-11-22T11:07:51.494Z] SessionManagerReqHand - _cleanupWindowlessSessions - Asynchronous Sessions clean-up phase starting NOW
[INFO  - 2017-11-22T11:12:51.495Z] SessionManagerReqHand - _cleanupWindowlessSessions - Asynchronous Sessions clean-up phase starting NOW
[INFO  - 2017-11-22T11:17:51.510Z] SessionManagerReqHand - _cleanupWindowlessSessions - Asynchronous Sessions clean-up phase starting NOW
[INFO  - 2017-11-22T11:22:51.508Z] SessionManagerReqHand - _cleanupWindowlessSessions - Asynchronous Sessions clean-up phase starting NOW
[INFO  - 2017-11-22T11:27:51.509Z] SessionManagerReqHand - _cleanupWindowlessSessions - Asynchronous Sessions clean-up phase starting NOW
[INFO  - 2017-11-22T11:32:51.509Z] SessionManagerReqHand - _cleanupWindowlessSessions - Asynchronous Sessions clean-up phase starting NOW
[INFO  - 2017-11-22T11:37:51.509Z] SessionManagerReqHand - _cleanupWindowlessSessions - Asynchronous Sessions clean-up phase starting NOW
[INFO  - 2017-11-22T11:42:51.509Z] SessionManagerReqHand - _cleanupWindowlessSessions - Asynchronous Sessions clean-up phase starting NOW
[INFO  - 2017-11-22T11:47:51.509Z] SessionManagerReqHand - _cleanupWindowlessSessions - Asynchronous Sessions clean-up phase starting NOW
[INFO  - 2017-11-22T11:52:51.575Z] SessionManagerReqHand - _cleanupWindowlessSessions - Asynchronous Sessions clean-up phase starting NOW
[INFO  - 2017-11-22T11:57:51.525Z] SessionManagerReqHand - _cleanupWindowlessSessions - Asynchronous Sessions clean-up phase starting NOW
[INFO  - 2017-11-22T12:02:51.511Z] SessionManagerReqHand - _cleanupWindowlessSessions - Asynchronous Sessions clean-up phase starting NOW
[INFO  - 2017-11-22T12:07:51.512Z] SessionManagerReqHand - _cleanupWindowlessSessions - Asynchronous Sessions clean-up phase starting NOW
[INFO  - 2017-11-22T12:12:51.513Z] SessionManagerReqHand - _cleanupWindowlessSessions - Asynchronous Sessions clean-up phase starting NOW
[INFO  - 2017-11-22T12:17:51.513Z] SessionManagerReqHand - _cleanupWindowlessSessions - Asynchronous Sessions clean-up phase starting NOW
[INFO  - 2017-11-22T12:22:51.523Z] SessionManagerReqHand - _cleanupWindowlessSessions - Asynchronous Sessions clean-up phase starting NOW
[INFO  - 2017-11-22T12:21:51.704Z] SessionManagerReqHand - _cleanupWindowlessSessions - Asynchronous Sessions clean-up phase starting NOW
[INFO  - 2017-11-22T12:23:26.566Z] SessionManagerReqHand - _cleanupWindowlessSessions - Asynchronous Sessions clean-up phase starting NOW
[INFO  - 2017-11-22T12:19:47.546Z] SessionManagerReqHand - _cleanupWindowlessSessions - Asynchronous Sessions clean-up phase starting NOW
[INFO  - 2017-11-22T12:23:10.513Z] SessionManagerReqHand - _cleanupWindowlessSessions - Asynchronous Sessions clean-up phase starting NOW
 - Asynchronous Sessions clean-up phase starting NOW
[INFO  - 2017-11-22T12:23:10.500Z] SessionManagerReqHand - _cleanupWindowlessSessions - Asynchronous Sessions clean-up phase starting NOW
and - _cleanupWindowlessSessions - Asynchronous Sessions clean-up phase starting NOW
[INFO  - 2017-11-22T12:08:51.487Z] SessionManagerReqHand - _cleanupWindowlessSessions - Asynchronous Sessions clean-up phase starting NOW
[INFO  - 2017-11-22T12:13:51.484Z] SessionManagerReqHand - _cleanupWindowlessSessions - Asynchronous Sessions clean-up phase starting NOW
[INFO  - 2017-11-22T12:18:51.484Z] SessionManagerReqHand - _cleanupWindowlessSessions - Asynchronous Sessions clean-up phase starting NOW
[INFO  - 2017-11-22T12:08:38.547Z] SessionManagerReqHand - _cleanupWindowlessSessions - Asynchronous Sessions clean-up phase starting NOW
[INFO  - 2017-11-22T12:13:38.547Z] SessionManagerReqHand - _cleanupWindowlessSessions - Asynchronous Sessions clean-up phase starting NOW
[INFO  - 2017-11-22T12:18:38.552Z] SessionManagerReqHand - _cleanupWindowlessSessions - Asynchronous Sessions clean-up phase starting NOW
)
  _pressKey (phantomjs://code/inputs.js:280)
  _sendKeys (phantomjs://code/inputs.js:237)
  _postValueCommand (phantomjs://code/webelement_request_handler.js:288)
  _handle (phantomjs://code/webelement_request_handler.js:72)
  _reroute (phantomjs://code/request_handler.js:61)
  _handle (phantomjs://code/session_request_handler.js:120)
  _reroute (phantomjs://code/request_handler.js:61)
  _handle (phantomjs://code/router_request_handler.js:78)

  phantomjs://platform/console++.js:263 in error
[ERROR - 2017-11-22T10:59:25.922Z] Session [f1b8fab0-cf73-11e7-8048-bb9cf4a007b9] - page.onError - msg: TypeError: undefined is not an object (evaluating 'o.arguments[0]')

  phantomjs://platform/console++.js:263 in error
[ERROR - 2017-11-22T10:59:25.922Z] Session [f1b8fab0-cf73-11e7-8048-bb9cf4a007b9] - page.onError - stack:
  getEvent (https://login.sina.com.cn/js/cardtips.js:228)
  showList (https://login.sina.com.cn/js/cardtips.js:370)
  (anonymous function) (https://login.sina.com.cn/js/cardtips.js:264)
  sendEvent (:0)
  _keyEvent (phantomjs://code/inputs.js:325)
  _pressKey (phantomjs://code/inputs.js:280)
  _sendKeys (phantomjs://code/inputs.js:237)
  _postValueCommand (phantomjs://code/webelement_request_handler.js:288)
  _handle (phantomjs://code/webelement_request_handler.js:72)
  _reroute (phantomjs://code/request_handler.js:61)
  _handle (phantomjs://code/session_request_handler.js:120)
  _reroute (phantomjs://code/request_handler.js:61)
  _handle (phantomjs://code/router_request_handler.js:78)

  phantomjs://platform/console++.js:263 in error
[ERROR - 2017-11-22T10:59:25.928Z] Session [f1b8fab0-cf73-11e7-8048-bb9cf4a007b9] - page.onError - msg: TypeError: undefined is not an object (evaluating 'o.arguments[0]')

  phantomjs://platform/console++.js:263 in error
[ERROR - 2017-11-22T10:59:25.929Z] Session [f1b8fab0-cf73-11e7-8048-bb9cf4a007b9] - page.onError - stack:
  getEvent (https://login.sina.com.cn/js/cardtips.js:228)
  (anonymous function) (https://login.sina.com.cn/js/cardtips.js:526)
  sendEvent (:0)
  _keyEvent (phantomjs://code/inputs.js:325)
  _pressKey (phantomjs://code/inputs.js:280)
  _sendKeys (phantomjs://code/inputs.js:237)
  _postValueCommand (phantomjs://code/webelement_request_handler.js:288)
  _handle (phantomjs://code/webelement_request_handler.js:72)
  _reroute (phantomjs://code/request_handler.js:61)
  _handle (phantomjs://code/session_request_handler.js:120)
  _reroute (phantomjs://code/request_handler.js:61)
  _handle (phantomjs://code/router_request_handler.js:78)

  phantomjs://platform/console++.js:263 in error
[ERROR - 2017-11-22T10:59:25.932Z] Session [f1b8fab0-cf73-11e7-8048-bb9cf4a007b9] - page.onError - msg: TypeError: undefined is not an object (evaluating 'o.arguments[0]')

  phantomjs://platform/console++.js:263 in error
[ERROR - 2017-11-22T10:59:25.932Z] Session [f1b8fab0-cf73-11e7-8048-bb9cf4a007b9] - page.onError - stack:
  getEvent (https://login.sina.com.cn/js/cardtips.js:228)
  showList (https://login.sina.com.cn/js/cardtips.js:370)
  (anonymous function) (https://login.sina.com.cn/js/cardtips.js:264)
  sendEvent (:0)
  _keyEvent (phantomjs://code/inputs.js:325)
  _pressKey (phantomjs://code/inputs.js:280)
  _sendKeys (phantomjs://code/inputs.js:237)
  _postValueCommand (phantomjs://code/webelement_request_handler.js:288)
  _handle (phantomjs://code/webelement_request_handler.js:72)
  _reroute (phantomjs://code/request_handler.js:61)
  _handle (phantomjs://code/session_request_handler.js:120)
  _reroute (phantomjs://code/request_handler.js:61)
  _handle (phantomjs://code/router_request_handler.js:78)

  phantomjs://platform/console++.js:263 in error
[ERROR - 2017-11-22T10:59:25.934Z] Session [f1b8fab0-cf73-11e7-804[INFO  - 2017-11-22T11:03:45.562Z] SessionManagerReqHand - _cleanupWindowlessSessions - Asynchronous Sessions clean-up phase starting NOW
[INFO  - 2017-11-22T11:08:45.563Z] SessionManagerReqHand - _cleanupWindowlessSessions - Asynchronous Sessions clean-up phase starting NOW
[INFO  - 2017-11-22T11:13:45.575Z] SessionManagerReqHand - _cleanupWindowlessSessions - Asynchronous Sessions clean-up phase starting NOW
[INFO  - 2017-11-22T11:18:45.563Z] SessionManagerReqHand - _cleanupWindowlessSessions - Asynchronous Sessions clean-up phase starting NOW
[INFO  - 2017-11-22T11:23:45.793Z] SessionManagerReqHand - _cleanupWindowlessSessions - Asynchronous Sessions clean-up phase starting NOW
[INFO  - 2017-11-22T11:28:45.595Z] SessionManagerReqHand - _cleanupWindowlessSessions - Asynchronous Sessions clean-up phase starting NOW
[INFO  - 2017-11-22T11:33:45.682Z] SessionManagerReqHand - _cleanupWindowlessSessions - Asynchronous Sessions clean-up phase starting NOW
[INFO  - 2017-11-22T11:38:45.571Z] SessionManagerReqHand - _cleanupWindowlessSessions - Asynchronous Sessions clean-up phase starting NOW
[INFO  - 2017-11-22T11:43:45.573Z] SessionManagerReqHand - _cleanupWindowlessSessions - Asynchronous Sessions clean-up phase starting NOW
[INFO  - 2017-11-22T11:48:45.573Z] SessionManagerReqHand - _cleanupWindowlessSessions - Asynchronous Sessions clean-up phase starting NOW
[INFO  - 2017-11-22T11:53:45.638Z] SessionManagerReqHand - _cleanupWindowlessSessions - Asynchronous Sessions clean-up phase starting NOW
[INFO  - 2017-11-22T11:58:45.605Z] SessionManagerReqHand - _cleanupWindowlessSessions - Asynchronous Sessions clean-up phase starting NOW
[INFO  - 2017-11-22T12:03:45.578Z] SessionManagerReqHand - _cleanupWindowlessSessions - Asynchronous Sessions clean-up phase starting NOW
[INFO  - 2017-11-22T12:08:45.578Z] SessionManagerReqHand - _cleanupWindowlessSessions - Asynchronous Sessions clean-up phase starting NOW
[INFO  - 2017-11-22T12:13:45.579Z] SessionManagerReqHand - _cleanupWindowlessSessions - Asynchronous Sessions clean-up phase starting NOW
[INFO  - 2017-11-22T12:18:45.583Z] SessionManagerReqHand - _cleanupWindowlessSessions - Asynchronous Sessions clean-up phase starting NOW
/platform/console++.js:263 in error
[ERROR - 2017-11-22T10:59:25.939Z] Session [f1b8fab0-cf73-11e7-8048-bb9cf4a007b9] - page.onError - stack:
  getEvent (https://login.sina.com.cn/js/cardtips.js:228)
  (anonymous function) (https://login.sina.com.cn/js/cardtips.js:526)
  send[INFO  - 2017-11-22T10:59:33.829Z] SessionManagerReqHand - _cleanupWindowlessSessions - Asynchronous Sessions clean-up phase starting NOW
[INFO  - 2017-11-22T11:04:33.815Z] SessionManagerReqHand - _cleanupWindowlessSessions - Asynchronous Sessions clean-up phase starting NOW
[INFO  - 2017-11-22T11:09:33.844Z] SessionManagerReqHand - _cleanupWindowlessSessions - Asynchronous Sessions clean-up phase starting NOW
[INFO  - 2017-11-22T11:14:33.842Z] SessionManagerReqHand - _cleanupWindowlessSessions - Asynchronous Sessions clean-up phase starting NOW
[INFO  - 2017-11-22T11:19:33.815Z] SessionManagerReqHand - _cleanupWindowlessSessions - Asynchronous Sessions clean-up phase starting NOW
[INFO  - 2017-11-22T11:24:33.829Z] SessionManagerReqHand - _cleanupWindowlessSessions - Asynchronous Sessions clean-up phase starting NOW
[INFO  - 2017-11-22T11:29:33.829Z] SessionManagerReqHand - _cleanupWindowlessSessions - Asynchronous Sessions clean-up phase starting NOW
[INFO  - 2017-11-22T11:34:33.829Z] SessionManagerReqHand - _cleanupWindowlessSessions - Asynchronous Sessions clean-up phase starting NOW
[INFO  - 2017-11-22T11:39:33.830Z] SessionManagerReqHand - _cleanupWindowlessSessions - Asynchronous Sessions clean-up phase starting NOW
[INFO  - 2017-11-22T11:44:33.829Z] SessionManagerReqHand - _cleanupWindowlessSessions - Asynchronous Sessions clean-up phase starting NOW
[INFO  - 2017-11-22T11:49:33.831Z] SessionManagerReqHand - _cleanupWindowlessSessions - Asynchronous Sessions clean-up phase starting NOW
[INFO  - 2017-11-22T11:54:33.844Z] SessionManagerReqHand - _cleanupWindowlessSessions - Asynchronous Sessions clean-up phase starting NOW
[INFO  - 2017-11-22T11:59:33.838Z] SessionManagerReqHand - _cleanupWindowlessSessions - Asynchronous Sessions clean-up phase starting NOW
[INFO  - 2017-11-22T12:04:34.344Z] SessionManagerReqHand - _cleanupWindowlessSessions - Asynchronous Sessions clean-up phase starting NOW
[INFO  - 2017-11-22T12:09:33.829Z] SessionManagerReqHand - _cleanupWindowlessSessions - Asynchronous Sessions clean-up phase starting NOW
[INFO  - 2017-11-22T12:14:33.830Z] SessionManagerReqHand - _cleanupWindowlessSessions - Asynchronous Sessions clean-up phase starting NOW
[INFO  - 2017-11-22T12:19:33.830Z] SessionManagerReqHand - _cleanupWindowlessSessions - Asynchronous Sessions clean-up phase starting NOW
[INFO  - 2017-11-22T12:21:04.555Z] SessionManagerReqHand - _cleanupWindowlessSessions - Asynchronous Sessions clean-up phase starting NOW
 - Asynchronous Sessions clean-up phase starting NOW
[INFO  - 2017-11-22T12:20:42.585Z] SessionManagerReqHand - _cleanupWindowlessSessions - Asynchronous Sessions clean-up phase starting NOW
and - _cleanupWindowlessSessions - Asynchronous Sessions clean-up phase starting NOW
[INFO  - 2017-11-22T12:23:15.571Z] SessionManagerReqHand - _cleanupWindowlessSessions - Asynchronous Sessions clean-up phase starting NOW
[INFO  - 2017-11-22T12:18:53.486Z] SessionManagerReqHand - _cleanupWindowlessSessions - Asynchronous Sessions clean-up phase starting NOW
[INFO  - 2017-11-22T12:02:29.586Z] SessionManagerReqHand - _cleanupWindowlessSessions - Asynchronous Sessions clean-up phase starting NOW
[INFO  - 2017-11-22T12:07:29.604Z] SessionManagerReqHand - _cleanupWindowlessSessions - Asynchronous Sessions clean-up phase starting NOW
[INFO  - 2017-11-22T12:12:29.582Z] SessionManagerReqHand - _cleanupWindowlessSessions - Asynchronous Sessions clean-up phase starting NOW
[INFO  - 2017-11-22T12:17:29.587Z] SessionManagerReqHand - _cleanupWindowlessSessions - Asynchronous Sessions clean-up phase starting NOW
[INFO  - 2017-11-22T12:22:29.585Z] SessionManagerReqHand - _cleanupWindowlessSessions - Asynchronous Sessions clean-up phase starting NOW
 - Asynchronous Sessions clean-up phase starting NOW
[INFO  - 2017-11-22T12:20:52.485Z] SessionManagerReqHand - _cleanupWindowlessSessions - Asynchronous Sessions clean-up phase starting NOW
and - _cleanupWindowlessSessions - Asynchronous Sessions clean-up phase starting NOW
[INFO  - 2017-11-22T11:54:19.619Z] SessionManagerReqHand - _cleanupWindowlessSessions - Asynchronous Sessions clean-up phase starting NOW
[INFO  - 2017-11-22T11:59:19.612Z] SessionManagerReqHand - _cleanupWindowlessSessions - Asynchronous Sessions clean-up phase starting NOW
[INFO  - 2017-11-22T12:04:19.613Z] SessionManagerReqHand - _cleanupWindowlessSessions - Asynchronous Sessions clean-up phase starting NOW
[INFO  - 2017-11-22T12:09:19.615Z] SessionManagerReqHand - _cleanupWindowlessSessions - Asynchronous Sessions clean-up phase starting NOW
[INFO  - 2017-11-22T12:14:19.624Z] SessionManagerReqHand - _cleanupWindowlessSessions - Asynchronous Sessions clean-up phase starting NOW
[INFO  - 2017-11-22T12:19:19.630Z] SessionManagerReqHand - _cleanupWindowlessSessions - Asynchronous Sessions clean-up phase starting NOW
[INFO  - 2017-11-22T12:22:23.755Z] SessionManagerReqHand - _cleanupWindowlessSessions - Asynchronous Sessions clean-up phase starting NOW
[INFO  - 2017-11-22T12:12:15.815Z] SessionManagerReqHand - _cleanupWindowlessSessions - Asynchronous Sessions clean-up phase starting NOW
[INFO  - 2017-11-22T12:17:15.828Z] SessionManagerReqHand - _cleanupWindowlessSessions - Asynchronous Sessions clean-up phase starting NOW
[INFO  - 2017-11-22T12:22:15.833Z] SessionManagerReqHand - _cleanupWindowlessSessions - Asynchronous Sessions clean-up phase starting NOW
[INFO  - 2017-11-22T12:10:38.521Z] SessionManagerReqHand - _cleanupWindowlessSessions - Asynchronous Sessions clean-up phase starting NOW
[INFO  - 2017-11-22T12:15:38.522Z] SessionManagerReqHand - _cleanupWindowlessSessions - Asynchronous Sessions clean-up phase starting NOW
[INFO  - 2017-11-22T12:20:38.522Z] SessionManagerReqHand - _cleanupWindowlessSessions - Asynchronous Sessions clean-up phase starting NOW
error
[ERROR - 2017-11-22T10:59:25.970Z] Session [f1b8fab0-cf73-11e7-8048-bb9cf4a007b9] - page.onError - msg: TypeError: undefined is not an object (evaluating 'o.arguments[0]')

  phantomjs://platform/console++.js:263 in error
[ERROR - 2017-11-22T10:59:25.970Z] Session [f1b8fab0-cf73-11e7-8048-bb9cf4a007b9] - page.onError - stack:
  getEvent (https://login.sina.com.cn/js/cardtips.js:228)
  (anonymous function) (https://login.sina.com.cn/js/cardtips.js:526)
  sendEvent (:0)
  _keyEvent (phantomjs://code/inputs.js:325)
  _pressKey (phantomjs://code/inputs.js:280)
  _sendKeys (phantomjs://code/inputs.js:237)
  _postValueCommand (phantomjs://code/webelement_request_handler.js:288)
  _handle (phantomjs://code/webelement_request_handler.js:72)
  _reroute (phantomjs://code/request_handler.js:61)
  _handle (phantomjs://code/session_request_handler.js:120)
  _reroute (phantomjs://code/request_handler.js:61)
  _handle (phantomjs://code/router_request_handler.js:78)

  phantomjs://platform/console++.js:263 in error
[ERROR - 2017-11-22T10:59:25.972Z] Session [f1b8fab0-cf73-11e7-8048-bb9cf4a007b9] - page.onError - msg: TypeError: undefined is not an object (evaluating 'o.arguments[0]')

  phantomjs://platform/console++.js:263 in error
[ERROR - 2017-11-22T10:59:25.973Z] Session [f1b8fab0-cf73-11e7-8048-bb9cf4a007b9] - page.onError - stack:
  getEvent (https://login.sina.com.cn/js/cardtips.js:228)
  showList (https://login.sina.com.cn/js/cardtips.js:370)
  (anonymous function) (https://login.sina.com.cn/js/cardtips.js:264)
  sendEvent (:0)
  _keyEvent (phantomjs://code/inputs.js:325)
  _pressKey (phantomjs://code/inputs.js:280)
  _sendKeys (phantomjs://code/inputs.js:237)
  _postValueCommand (p[INFO  - 2017-11-22T11:00:13.521Z] SessionManagerReqHand - _cleanupWindowlessSessions - Asynchronous Sessions clean-up phase starting NOW
[INFO  - 2017-11-22T11:05:13.523Z] SessionManagerReqHand - _cleanupWindowlessSessions - Asynchronous Sessions clean-up phase starting NOW
[INFO  - 2017-11-22T11:10:14.204Z] SessionManagerReqHand - _cleanupWindowlessSessions - Asynchronous Sessions clean-up phase starting NOW
[INFO  - 2017-11-22T11:15:13.528Z] SessionManagerReqHand - _cleanupWindowlessSessions - Asynchronous Sessions clean-up phase starting NOW
[INFO  - 2017-11-22T11:20:13.529Z] SessionManagerReqHand - _cleanupWindowlessSessions - Asynchronous Sessions clean-up phase starting NOW
[INFO  - 2017-11-22T11:25:13.529Z] SessionManagerReqHand - _cleanupWindowlessSessions - Asynchronous Sessions clean-up phase starting NOW
[INFO  - 2017-11-22T11:30:13.529Z] SessionManagerReqHand - _cleanupWindowlessSessions - Asynchronous Sessions clean-up phase starting NOW
[INFO  - 2017-11-22T11:35:13.529Z] SessionManagerReqHand - _cleanupWindowlessSessions - Asynchronous Sessions clean-up phase starting NOW
[INFO  - 2017-11-22T11:40:13.535Z] SessionManagerReqHand - _cleanupWindowlessSessions - Asynchronous Sessions clean-up phase starting NOW
[INFO  - 2017-11-22T11:45:13.535Z] SessionManagerReqHand - _cleanupWindowlessSessions - Asynchronous Sessions clean-up phase starting NOW
[INFO  - 2017-11-22T11:50:13.535Z] SessionManagerReqHand - _cleanupWindowlessSessions - Asynchronous Sessions clean-up phase starting NOW
[INFO  - 2017-11-22T11:55:13.555Z] SessionManagerReqHand - _cleanupWindowlessSessions - Asynchronous Sessions clean-up phase starting NOW
[INFO  - 2017-11-22T12:00:13.889Z] SessionManagerReqHand - _cleanupWindowlessSessions - Asynchronous Sessions clean-up phase starting NOW
[INFO  - 2017-11-22T12:05:13.573Z] SessionManagerReqHand - _cleanupWindowlessSessions - Asynchronous Sessions clean-up phase starting NOW
[INFO  - 2017-11-22T12:10:13.575Z] SessionManagerReqHand - _cleanupWindowlessSessions - Asynchronous Sessions clean-up phase starting NOW
[INFO  - 2017-11-22T12:15:13.574Z] SessionManagerReqHand - _cleanupWindowlessSessions - Asynchronous Sessions clean-up phase starting NOW
[INFO  - 2017-11-22T12:20:13.574Z] SessionManagerReqHand - _cleanupWindowlessSessions - Asynchronous Sessions clean-up phase starting NOW
[INFO  - 2017-11-22T12:23:36.517Z] SessionManagerReqHand - _cleanupWindowlessSessions - Asynchronous Sessions clean-up phase starting NOW
guments[0]')

  phantomjs://platform/console++.js:263 in error
[ERROR - 2017-11-22T10:59:25.988Z] Session [f1b8fab0-cf73-11e7-8048-bb9cf4a007b9] - page.onError - stack:
  getEvent (https://login.sina.com.cn/js/cardtips.js:228)
  showList (https://login.sina.com.cn/js/cardtips.js:370)
  (anonymous function) (https://login.sina.com.cn/js/cardtips.js:264)
  sendEvent (:0)
  _keyEvent (phantomjs://code/inputs.js:325)
  _pressKey (phantomjs://code/inputs.js:280)
  _sendKeys (phantomjs://code/inputs.js:231)
  _postValueCommand (phantomjs://code/webelement_request_handler.js:288)
  _handle (phantomjs://code/webelement_request_handler.js:72)
  _reroute (phantomjs://code/request_handler.js:61)
  _handle (phantomjs://code/session_request_handler.js:120)
  _reroute (phantomjs://code/request_handler.js:61)
  _handle (phantomjs://code/router_request_handler.js:78)

  phantomjs://platform/console++.js:263 in error
[ERROR - 2017-11-22T10:59:25.989Z] Session [f1b8fab0-cf73-11e7-8048-bb9cf4a007b9] - page.onError - msg: TypeError: undefined is not an object (evaluating 'o.arguments[0]')

  phantomjs://platform/console++.js:263 in error
[ERROR - 2017-11-22T10:59:25.989Z] Session [f1b8fab0-cf73-11e7-8048-bb9cf4a007b9] - page.onError - stack:
  getEvent (https://login.sina.com.cn/js/cardtips.js:228)
  showList (https://login.sina.com.cn/js/cardtips.js:370)
  (anonymous function) (https://login.sina.com.cn/js/cardtips.js:264)
  sendEvent (:0)
  _sendKeys (phantomjs://code/inputs.js:232)
  _postValueCommand (phantomjs://code/webelement_request_handler.js:288)
  _handle (phantomjs://code/webelement_request_handler.js:72)
  _reroute (phantomjs://code/request_handler.js:61)
  _handle (phantomjs://code/session_request_handler.js:120)
  _reroute (phantomjs://code/request_handler.js:61)
  _handle (phantomjs://code/router_request_handler.js:78)

  phantomjs://platform/console++.js:263 in error
[ERROR - 2017-11-22T10:59:25.997Z] Session [f1b8fab0-cf73-11e7-8048-bb9cf4a007b9] - page.onError - msg: TypeError: undefined is not an object (evaluating 'o.arguments[0]')

  phantomjs://platform/console++.js:263 in error
[ERROR - 2017-11-22T10:59:25.997Z] Session [f1b8fab0-cf73-11e7-8048-bb9cf4a007b9] - page.onError - stack:
  getEvent (https://login.sina.com.cn/js/cardtips.js:228)
  (anonymous function) (https://login.sina.com.cn/js/cardtips.js:526)
  sendEvent (:0)
  _keyEvent (phantomjs://code/inputs.js:325)
  _pressKey (phantomjs://code/inputs.js:280)
  _sendKeys (phantomjs://code/inputs.js:237)
  _postValueCommand (phantomjs://code/webelement_request_handler.js:288)
  _handle (phantomjs://code/webelement_request_handler.js:72)
  _reroute (phantomjs://code/request_handler.js:61)
  _handle (phantomjs://code/session_request_handler.js:120)
  _reroute (pha[INFO  - 2017-11-22T11:02:49.536Z] SessionManagerReqHand - _cleanupWindowlessSessions - Asynchronous Sessions clean-up phase starting NOW
[INFO  - 2017-11-22T11:07:49.572Z] SessionManagerReqHand - _cleanupWindowlessSessions - Asynchronous Sessions clean-up phase starting NOW
[INFO  - 2017-11-22T11:12:49.654Z] SessionManagerReqHand - _cleanupWindowlessSessions - Asynchronous Sessions clean-up phase starting NOW
[INFO  - 2017-11-22T11:17:49.554Z] SessionManagerReqHand - _cleanupWindowlessSessions - Asynchronous Sessions clean-up phase starting NOW
[INFO  - 2017-11-22T11:22:49.555Z] SessionManagerReqHand - _cleanupWindowlessSessions - Asynchronous Sessions clean-up phase starting NOW
[INFO  - 2017-11-22T11:27:49.555Z] SessionManagerReqHand - _cleanupWindowlessSessions - Asynchronous Sessions clean-up phase starting NOW
[INFO  - 2017-11-22T11:32:49.555Z] SessionManagerReqHand - _cleanupWindowlessSessions - Asynchronous Sessions clean-up phase starting NOW
[INFO  - 2017-11-22T11:37:49.557Z] SessionManagerReqHand - _cleanupWindowlessSessions - Asynchronous Sessions clean-up phase starting NOW
[INFO  - 2017-11-22T11:42:49.571Z] SessionManagerReqHand - _cleanupWindowlessSessions - Asynchronous Sessions clean-up phase starting NOW
[INFO  - 2017-11-22T11:47:49.571Z] SessionManagerReqHand - _cleanupWindowlessSessions - Asynchronous Sessions clean-up phase starting NOW
[INFO  - 2017-11-22T11:52:49.571Z] SessionManagerReqHand - _cleanupWindowlessSessions - Asynchronous Sessions clean-up phase starting NOW
[INFO  - 2017-11-22T11:57:49.585Z] SessionManagerReqHand - _cleanupWindowlessSessions - Asynchronous Sessions clean-up phase starting NOW
[INFO  - 2017-11-22T12:02:49.571Z] SessionManagerReqHand - _cleanupWindowlessSessions - Asynchronous Sessions clean-up phase starting NOW
[INFO  - 2017-11-22T12:07:49.571Z] SessionManagerReqHand - _cleanupWindowlessSessions - Asynchronous Sessions clean-up phase starting NOW
[INFO  - 2017-11-22T12:12:49.571Z] SessionManagerReqHand - _cleanupWindowlessSessions - Asynchronous Sessions clean-up phase starting NOW
[INFO  - 2017-11-22T12:17:49.571Z] SessionManagerReqHand - _cleanupWindowlessSessions - Asynchronous Sessions clean-up phase starting NOW
[INFO  - 2017-11-22T12:22:49.574Z] SessionManagerReqHand - _cleanupWindowlessSessions - Asynchronous Sessions clean-up phase starting NOW
[INFO  - 2017-11-22T12:21:50.005Z] SessionManagerReqHand - _cleanupWindowlessSessions - Asynchronous Sessions clean-up phase starting NOW
[INFO  - 2017-11-22T12:20:47.513Z] SessionManagerReqHand - _cleanupWindowlessSessions - Asynchronous Sessions clean-up phase starting NOW
  - 2017-11-22T11:33:48.584Z] SessionManagerReqHand - _cleanupWindowlessSessions - Asynchronous Sessions clean-up phase starting NOW
[INFO  - 2017-11-22T11:38:48.575Z] SessionManagerReqHand - _cleanupWindowlessSessions - Asynchronous Sessions clean-up phase starting NOW
[INFO  - 2017-11-22T11:43:48.575Z] SessionManagerReqHand - _cleanupWindowlessSessions - Asynchronous Sessions clean-up phase starting NOW
[INFO  - 2017-11-22T11:48:48.576Z] SessionManagerReqHand - _cleanupWindowlessSessions - Asynchronous Sessions clean-up phase starting NOW
[INFO  - 2017-11-22T11:53:48.576Z] SessionManagerReqHand - _cleanupWindowlessSessions - Asynchronous Sessions clean-up phase starting NOW
[INFO  - 2017-11-22T11:58:48.637Z] SessionManagerReqHand - _cleanupWindowlessSessions - Asynchronous Sessions clean-up phase starting NOW
[INFO  - 2017-11-22T12:03:48.579Z] SessionManagerReqHand - _cleanupWindowlessSessions - Asynchronous Sessions clean-up phase starting NOW
[INFO  - 2017-11-22T12:08:48.579Z] SessionManagerReqHand - _cleanupWindowlessSessions - Asynchronous Sessions clean-up phase starting NOW
[INFO  - 2017-11-22T12:13:48.581Z] SessionManagerReqHand - _cleanupWindowlessSessions - Asynchronous Sessions clean-up phase starting NOW
[INFO  - 2017-11-22T12:18:48.583Z] SessionManagerReqHand - _cleanupWindowlessSessions - Asynchronous Sessions clean-up phase starting NOW
(phantomjs://code/webelement_request_handler.js:72)
  _reroute (phantomjs://code/request_handler.js:61)
  _handle (phantomjs://code/session_request_handler.js:120)
  _reroute (phantomjs://code/request_handler.js:61)
  _handle (phantomjs://code/router_request_handler.js:78)

  phantomjs://platform/console++.js:263 in error
[ERROR - 2017-11-22T10:59:26.016Z] Session [f1b8fab0-cf73-11e7-8048-bb9cf4a007b9] - page.onError - msg: TypeError: undefined is not an object (evaluating 'o.arguments[0]')

  phantomjs://platform/console++.js:263 in error
[ERROR - 2017-11-22T10:59:26.017Z] Session [f1b8fab0-cf73-11e7-8048-bb9cf4a007b9] - page.onError - stack:
  getEvent (https://login.sina.com.cn/js/cardtips.js:228)
  showList (https://login.sina.com.cn/js/cardtips.js:370)
  (anonymous function) (https://login.sina.com.cn/js/cardtips.js:264)
  sendEvent (:0)
  _keyEvent (phantomjs://code/inputs.js:325)
  _pressKey (phantomjs://code/inputs.js:280)
  _sendKeys (phantomjs://code/inputs.js:237)
  _postValueCommand (phantomjs://code/webelement_request_handler.js:288)
  _handle (phantomjs://code/webelement_request_handler.js:72)
  _reroute (phantomjs://code/request_handler.js:61)
  _handle (phantomjs://code/session_request_handler.js:120)
  _reroute (phantomjs://code/request_handler.js:61)
  _handle (phantomjs://code/router_request_handler.js:78)

  phantomjs://platform/console++.js:263 in error
[ERROR - 2017-11-22T10:59:26.018Z] Session [f1b8fab0-cf73-11e7-8048-bb9cf4a007b9] - page.onError - msg: TypeError: undefined is not an object (evaluating 'o.arguments[0]')

  phantomjs://platform/console++.js:263 in error
[ERROR - 2017-11-22T10:59:26.018Z] Session [f1b8fab0-cf73-11e7-8048-bb9cf4a007b9] - page.onError - stack:
  getEvent (https://login.sina.com.cn/js/cardtips.js:228)
  (anonymous function) (https://login.sina.com.cn/js/cardtips.js:526)
  sendEvent (:0)
  _keyEvent (phantomjs://code/inputs.js:325)
  _pressKey (phantomjs://code/inputs.js:280)
  _sendKeys (phantomjs://code/inputs.js:237)
  _postValueCommand (phantomjs://code/webelement_request_handler.js:288)
  _handle (phantomjs://code/webelement_request_handler.js:72)
  _reroute (phantomjs://code/request_handler.js:61)
  _handle (phantomjs://code/session_request_handler.js:120)
  _reroute (phantomjs://code/request_handler.js:61)
  _handle (phantomjs://code/router_request_handler.js:78)

  phantomjs://platform/console++.js:263 in error
[ERROR - 2017-11-22T10:59:26.021Z] Session [f1b8fab0-cf73-11e7-8048-bb9cf4a007b9] - page.onError - msg: TypeError: undefined is not an object (evaluating 'o.arguments[0]')

  phantomjs://platform/console++.js:263 in error
[ERROR - 2017-11-22T10:59:26.021Z] Session [f1b8fab0-cf73-11e7-8048-bb9cf4a007b9] - page.onError - stack:
  getEvent (https://login.sina.com.cn/js/cardtips.js:228)
  showList (https://login.sina.com.cn/js/cardtips.js:370)
  (anonymous function) (https://login.sina.com.cn/js/cardtips.js:264)
  sendEvent (:0)
  _keyEvent (phantomjs://code/inputs.js:325)
  _pressKey (phantomjs://code/inputs.js:280)
  _sendKeys (phantomjs://code/inputs.js:237)
  _postValueCommand (phantomjs://code/webelement_request_handler.js:288)
  _handle (phantomjs://code/webelement_request_handler.js:72)
  _reroute (phantomjs://code/request_handler.js:61)
  _handle (phantomjs://code/session_request_handler.js:120)
  _reroute (phantomjs://code/request_handler.js:61)
  _handle (phantomjs://code/router_request_handler.js:78)

  phantomjs://platform/console++.js:263 in error
[ERROR - 2017-11-22T10:59:26.022Z] Session [f1b8fab0-cf73-11e7-8048-bb9cf4a007b9] - page.onError - msg: TypeError: undefined is not an object (evaluating 'o.arguments[0]')

  phantomjs://platform/console++.js:263 in error
[ERROR - 2017-11-22T10:59:26.022Z] Session [f1b8fab0-cf73-11e7-8048-bb9cf4a007b9] - page.onError - stack:
  getEvent (https://login.sina.com.cn/js/cardtips.js:228)
  (anonymous function) (https://login.sina.com.cn/js/cardtips.js:526)
  sendEvent (:0)
  _keyEvent (phantomjs://code/inputs.js:325)
  _pressKey (phantomjs://code/inputs.js:280)
  _sendKeys (phantomjs://code/inputs.js:237)
  _postValueCommand (phantomjs://code/webelement_request_handler.js:288)
  _handle (phantomjs://code/webelement_request_handler.js:72)
  _reroute (phantomjs://code/request_handler.js:61)
  _handle (phantomjs://code/session_request_handler.js:120)
  _reroute (phantomjs://code/request_handler.js:61)
  _handle (phantomjs://code/router_request_handler.js:78)

  phantomjs://platform/console++.js:263 in error
[ERROR - 2017-11-22T10:59:26.025Z] Session [f1b8fab0-cf73-11e7-8048-bb9cf4a007b9] - page.onError - msg: TypeError: undefined is not an object (evaluating 'o.arguments[0]')

  phantomjs://platform/console++.js:263 in error
[ERROR - 2017-11-22T10:59:26.025Z] Session [f1b8fab0-cf73-11e7-8048-bb9cf4a007b9] - page.onError - stack:
  getEvent (https://login.sina.com.cn/js/cardtips.js:228)
  showList (https://login.sina.com.cn/js/cardtips.js:370)
  (anonymous function) (https://login.sina.com.cn/js/cardtips.js:264)
  sendEvent (:0)
  _keyEvent (phantomjs://code/inputs.js:325)
  _pressKey (phantomjs://code/inputs.js:280)
  _sendKeys (phantomjs://code/inputs.js:237)
  _postValueCommand (phantomjs://code/webelement_request_handler.js:288)
  _handle (phantomjs://code/webelement_request_handler.js:72)
  _reroute (phantomjs://code/request_handler.js:61)
  _handle (phantomjs://code/session_request_handler.js:120)
  _reroute (phantomjs://code/request_handler.js:61)
  _handle (phantomjs://code/router_request_handler.js:78)

  phantomjs://platform/console++.js:263 in error
[ERROR - 2017-11-22T10:59:26.026Z] Session [f1b8fab0-cf73-11e7-8048-bb9cf4a007b9] - page.onError - msg: TypeError: undefined is not an object (evaluating 'o.arguments[0]')

  phantomjs://platform/console++.js:263 in error
[ERROR - 2017-11-22T10:59:26.026Z] Session [f1b8fab0-cf73-11e7-8048-bb9cf4a007b9] - page.onError - stack:
  getEvent (https://login.sina.com.cn/js/cardtips.js:228)
  (anonymous function) (https://login.sina.com.cn/js/cardtips.js:526)
  sendEvent (:0)
  _keyEvent (phantomjs://code/inputs.js:325)
  _pressKey (phantomjs://code/inputs.js:280)
  _sendKeys (phantomjs://code/inputs.js:237)
  _postValueCommand (phantomjs://code/webelement_request_handler.js:288)
  _handle (phantomjs://code/webelement_request_handler.js:72)
  _reroute (phantomjs://code/request_[INFO  - 2017-11-22T11:01:02.642Z] SessionManagerReqHand - _cleanupWindowlessSessions - Asynchronous Sessions clean-up phase starting NOW
[INFO  - 2017-11-22T11:06:02.644Z] SessionManagerReqHand - _cleanupWindowlessSessions - Asynchronous Sessions clean-up phase starting NOW
[INFO  - 2017-11-22T11:11:02.946Z] SessionManagerReqHand - _cleanupWindowlessSessions - Asynchronous Sessions clean-up phase starting NOW
[INFO  - 2017-11-22T11:16:02.858Z] SessionManagerReqHand - _cleanupWindowlessSessions - Asynchronous Sessions clean-up phase starting NOW
[INFO  - 2017-11-22T11:21:02.858Z] SessionManagerReqHand - _cleanupWindowlessSessions - Asynchronous Sessions clean-up phase starting NOW
[INFO  - 2017-11-22T11:26:02.858Z] SessionManagerReqHand - _cleanupWindowlessSessions - Asynchronous Sessions clean-up phase starting NOW
[INFO  - 2017-11-22T11:31:02.859Z] SessionManagerReqHand - _cleanupWindowlessSessions - Asynchronous Sessions clean-up phase starting NOW
[INFO  - 2017-11-22T11:36:02.875Z] SessionManagerReqHand - _cleanupWindowlessSessions - Asynchronous Sessions clean-up phase starting NOW
[INFO  - 2017-11-22T11:41:02.859Z] SessionManagerReqHand - _cleanupWindowlessSessions - Asynchronous Sessions clean-up phase starting NOW
[INFO  - 2017-11-22T11:46:02.862Z] SessionManagerReqHand - _cleanupWindowlessSessions - Asynchronous Sessions clean-up phase starting NOW
[INFO  - 2017-11-22T11:51:02.864Z] SessionManagerReqHand - _cleanupWindowlessSessions - Asynchronous Sessions clean-up phase starting NOW
[INFO  - 2017-11-22T11:56:02.865Z] SessionManagerReqHand - _cleanupWindowlessSessions - Asynchronous Sessions clean-up phase starting NOW
[INFO  - 2017-11-22T12:01:02.875Z] SessionManagerReqHand - _cleanupWindowlessSessions - Asynchronous Sessions clean-up phase starting NOW
[INFO  - 2017-11-22T12:06:02.875Z] SessionManagerReqHand - _cleanupWindowlessSessions - Asynchronous Sessions clean-up phase starting NOW
[INFO  - 2017-11-22T12:11:02.887Z] SessionManagerReqHand - _cleanupWindowlessSessions - Asynchronous Sessions clean-up phase starting NOW
[INFO  - 2017-11-22T12:16:02.883Z] SessionManagerReqHand - _cleanupWindowlessSessions - Asynchronous Sessions clean-up phase starting NOW
[INFO  - 2017-11-22T12:21:02.888Z] SessionManagerReqHand - _cleanupWindowlessSessions - Asynchronous Sessions clean-up phase starting NOW
[INFO  - 2017-11-22T12:13:49.248Z] SessionManagerReqHand - _cleanupWindowlessSessions - Asynchronous Sessions clean-up phase starting NOW
[INFO  - 2017-11-22T12:18:49.248Z] SessionManagerReqHand - _cleanupWindowlessSessions - Asynchronous Sessions clean-up phase starting NOW
[INFO  - 2017-11-22T12:23:16.484Z] SessionManagerReqHand - _cleanupWindowlessSessions - Asynchronous Sessions clean-up phase starting NOW
[INFO  - 2017-11-22T12:18:50.728Z] SessionManagerReqHand - _cleanupWindowlessSessions - Asynchronous Sessions clean-up phase starting NOW
wlessSessions - Asynchronous Sessions clean-up phase starting NOW
[INFO  - 2017-11-22T12:02:33.330Z] SessionManagerReqHand - _cleanupWindowlessSessions - Asynchronous Sessions clean-up phase starting NOW
[INFO  - 2017-11-22T12:07:33.352Z] SessionManagerReqHand - _cleanupWindowlessSessions - Asynchronous Sessions clean-up phase starting NOW
[INFO  - 2017-11-22T12:12:33.331Z] SessionManagerReqHand - _cleanupWindowlessSessions - Asynchronous Sessions clean-up phase starting NOW
[INFO  - 2017-11-22T12:17:33.331Z] SessionManagerReqHand - _cleanupWindowlessSessions - Asynchronous Sessions clean-up phase starting NOW
[INFO  - 2017-11-22T12:22:33.359Z] SessionManagerReqHand - _cleanupWindowlessSessions - Asynchronous Sessions clean-up phase starting NOW
owlessSessions - Asynchronous Sessions clean-up phase starting NOW
[INFO  - 2017-11-22T12:18:29.560Z] SessionManagerReqHand - _cleanupWindowlessSessions - Asynchronous Sessions clean-up phase starting NOW
[INFO  - 2017-11-22T12:23:29.581Z] SessionManagerReqHand - _cleanupWindowlessSessions - Asynchronous Sessions clean-up phase starting NOW
WindowlessSessions - Asynchronous Sessions clean-up phase starting NOW
[INFO  - 2017-11-22T12:08:25.004Z] SessionManagerReqHand - _cleanupWindowlessSessions - Asynchronous Sessions clean-up phase starting NOW
[INFO  - 2017-11-22T12:13:25.005Z] SessionManagerReqHand - _cleanupWindowlessSessions - Asynchronous Sessions clean-up phase starting NOW
[INFO  - 2017-11-22T12:18:25.005Z] SessionManagerReqHand - _cleanupWindowlessSessions - Asynchronous Sessions clean-up phase starting NOW
[INFO  - 2017-11-22T12:23:25.005Z] SessionManagerReqHand - _cleanupWindowlessSessions - Asynchronous Sessions clean-up phase starting NOW
[INFO  - 2017-11-22T11:33:36.491Z] SessionManagerReqHand - _cleanupWindowlessSessions - Asynchronous Sessions clean-up phase starting NOW
[INFO  - 2017-11-22T11:38:36.495Z] SessionManagerReqHand - _cleanupWindowlessSessions - Asynchronous Sessions clean-up phase starting NOW
[INFO  - 2017-11-22T11:43:36.593Z] SessionManagerReqHand - _cleanupWindowlessSessions - Asynchronous Sessions clean-up phase starting NOW
[INFO  - 2017-11-22T11:48:36.512Z] SessionManagerReqHand - _cleanupWindowlessSessions - Asynchronous Sessions clean-up phase starting NOW
[INFO  - 2017-11-22T11:53:36.654Z] SessionManagerReqHand - _cleanupWindowlessSessions - Asynchronous Sessions clean-up phase starting NOW
[INFO  - 2017-11-22T11:58:36.647Z] SessionManagerReqHand - _cleanupWindowlessSessions - Asynchronous Sessions clean-up phase starting NOW
[INFO  - 2017-11-22T12:03:36.513Z] SessionManagerReqHand - _cleanupWindowlessSessions - Asynchronous Sessions clean-up phase starting NOW
[INFO  - 2017-11-22T12:08:36.513Z] SessionManagerReqHand - _cleanupWindowlessSessions - Asynchronous Sessions clean-up phase starting NOW
[INFO  - 2017-11-22T12:13:36.513Z] SessionManagerReqHand - _cleanupWindowlessSessions - Asynchronous Sessions clean-up phase starting NOW
[INFO  - 2017-11-22T12:18:36.513Z] SessionManagerReqHand - _cleanupWindowlessSessions - Asynchronous Sessions clean-up phase starting NOW
[INFO  - 2017-11-22T12:23:36.513Z] SessionManagerReqHand - _cleanupWindowlessSessions - Asynchronous Sessions clean-up phase starting NOW
                                                                                                                                                                                                                                                                                                                                                                                                                                                                                                                                                                                                                                                                                                                                                                                                                                                                                                                                                                                                                                                                                                                                                                                                                                                                                                                                                                                                                                                                                                                                                                                                                                                                                                                                                                                                                                                                                                                                                                                                                                                                                                                                                                                                                                                                                                                                                                                                                                                                                                                                                                                                                                                                                                                                                                                                                                                                                                                                                                                                                                                                                                                                                                                                                                                                                                                                                                                                                                                                                                                                                                                          [INFO  - 2017-11-22T10:58:43.989Z] SessionManagerReqHand - _cleanupWindowlessSessions - Asynchronous Sessions clean-up phase starting NOW
[INFO  - 2017-11-22T11:03:43.974Z] SessionManagerReqHand - _cleanupWindowlessSessions - Asynchronous Sessions clean-up phase starting NOW
[INFO  - 2017-11-22T11:08:44.005Z] SessionManagerReqHand - _cleanupWindowlessSessions - Asynchronous Sessions clean-up phase starting NOW
[INFO  - 2017-11-22T11:13:44.014Z] SessionManagerReqHand - _cleanupWindowlessSessions - Asynchronous Sessions clean-up phase starting NOW
[INFO  - 2017-11-22T11:18:43.976Z] SessionManagerReqHand - _cleanupWindowlessSessions - Asynchronous Sessions clean-up phase starting NOW
[INFO  - 2017-11-22T11:23:44.009Z] SessionManagerReqHand - _cleanupWindowlessSessions - Asynchronous Sessions clean-up phase starting NOW
[INFO  - 2017-11-22T11:28:43.976Z] SessionManagerReqHand - _cleanupWindowlessSessions - Asynchronous Sessions clean-up phase starting NOW
[INFO  - 2017-11-22T11:33:43.976Z] SessionManagerReqHand - _cleanupWindowlessSessions - Asynchronous Sessions clean-up phase starting NOW
[INFO  - 2017-11-22T11:38:43.983Z] SessionManagerReqHand - _cleanupWindowlessSessions - Asynchronous Sessions clean-up phase starting NOW
[INFO  - 2017-11-22T11:43:43.984Z] SessionManagerReqHand - _cleanupWindowlessSessions - Asynchronous Sessions clean-up phase starting NOW
[INFO  - 2017-11-22T11:48:44.009Z] SessionManagerReqHand - _cleanupWindowlessSessions - Asynchronous Sessions clean-up phase starting NOW
[INFO  - 2017-11-22T11:53:44.011Z] SessionManagerReqHand - _cleanupWindowlessSessions - Asynchronous Sessions clean-up phase starting NOW
[INFO  - 2017-11-22T11:58:43.984Z] SessionManagerReqHand - _cleanupWindowlessSessions - Asynchronous Sessions clean-up phase starting NOW
[INFO  - 2017-11-22T12:03:43.984Z] SessionManagerReqHand - _cleanupWindowlessSessions - Asynchronous Sessions clean-up phase starting NOW
[INFO  - 2017-11-22T12:08:43.984Z] SessionManagerReqHand - _cleanupWindowlessSessions - Asynchronous Sessions clean-up phase starting NOW
[INFO  - 2017-11-22T12:13:43.985Z] SessionManagerReqHand - _cleanupWindowlessSessions - Asynchronous Sessions clean-up phase starting NOW
[INFO  - 2017-11-22T12:18:43.985Z] SessionManagerReqHand - _cleanupWindowlessSessions - Asynchronous Sessions clean-up phase starting NOW
                                                                                                                                                                                                                                                                                                                                                                                                                                                                                                                                                                                                                                                                                                                                                                                                                                                                                                                                                                                                                                                                                                                                                                                                                                                                                                                                                                                                                                                                                                                                                                                                                                                                                                                                                                                                                                                                                                                                                                                                                                                                                                                                                                                                                                                                                                                                                                                                                                                                                                                                                                                                                                                                                                                                                                                                                                                                        [INFO  - 2017-11-22T10:59:17.582Z] SessionManagerReqHand - _cleanupWindowlessSessions - Asynchronous Sessions clean-up phase starting NOW
[INFO  - 2017-11-22T11:04:17.547Z] SessionManagerReqHand - _cleanupWindowlessSessions - Asynchronous Sessions clean-up phase starting NOW
[INFO  - 2017-11-22T11:09:17.626Z] SessionManagerReqHand - _cleanupWindowlessSessions - Asynchronous Sessions clean-up phase starting NOW
[INFO  - 2017-11-22T11:14:17.637Z] SessionManagerReqHand - _cleanupWindowlessSessions - Asynchronous Sessions clean-up phase starting NOW
[INFO  - 2017-11-22T11:19:17.797Z] SessionManagerReqHand - _cleanupWindowlessSessions - Asynchronous Sessions clean-up phase starting NOW
[INFO  - 2017-11-22T11:24:17.806Z] SessionManagerReqHand - _cleanupWindowlessSessions - Asynchronous Sessions clean-up phase starting NOW
[INFO  - 2017-11-22T11:29:17.808Z] SessionManagerReqHand - _cleanupWindowlessSessions - Asynchronous Sessions clean-up phase starting NOW
[INFO  - 2017-11-22T11:34:17.808Z] SessionManagerReqHand - _cleanupWindowlessSessions - Asynchronous Sessions clean-up phase starting NOW
[INFO  - 2017-11-22T11:39:17.808Z] SessionManagerReqHand - _cleanupWindowlessSessions - Asynchronous Sessions clean-up phase starting NOW
[INFO  - 2017-11-22T11:44:17.809Z] SessionManagerReqHand - _cleanupWindowlessSessions - Asynchronous Sessions clean-up phase starting NOW
[INFO  - 2017-11-22T11:49:17.815Z] SessionManagerReqHand - _cleanupWindowlessSessions - Asynchronous Sessions clean-up phase starting NOW
[INFO  - 2017-11-22T11:54:17.832Z] SessionManagerReqHand - _cleanupWindowlessSessions - Asynchronous Sessions clean-up phase starting NOW
[INFO  - 2017-11-22T11:59:17.870Z] SessionManagerReqHand - _cleanupWindowlessSessions - Asynchronous Sessions clean-up phase starting NOW
[INFO  - 2017-11-22T12:04:17.828Z] SessionManagerReqHand - _cleanupWindowlessSessions - Asynchronous Sessions clean-up phase starting NOW
[INFO  - 2017-11-22T12:09:17.829Z] SessionManagerReqHand - _cleanupWindowlessSessions - Asynchronous Sessions clean-up phase starting NOW
[INFO  - 2017-11-22T12:14:17.829Z] SessionManagerReqHand - _cleanupWindowlessSessions - Asynchronous Sessions clean-up phase starting NOW
[INFO  - 2017-11-22T12:19:17.842Z] SessionManagerReqHand - _cleanupWindowlessSessions - Asynchronous Sessions clean-up phase starting NOW
[INFO  - 2017-11-22T12:22:33.069Z] SessionManagerReqHand - _cleanupWindowlessSessions - Asynchronous Sessions clean-up phase starting NOW
[INFO  - 2017-11-22T12:12:38.130Z] SessionManagerReqHand - _cleanupWindowlessSessions - Asynchronous Sessions clean-up phase starting NOW
[INFO  - 2017-11-22T12:17:38.162Z] SessionManagerReqHand - _cleanupWindowlessSessions - Asynchronous Sessions clean-up phase starting NOW
[INFO  - 2017-11-22T12:22:38.132Z] SessionManagerReqHand - _cleanupWindowlessSessions - Asynchronous Sessions clean-up phase starting NOW
[INFO  - 2017-11-22T12:18:06.627Z] SessionManagerReqHand - _cleanupWindowlessSessions - Asynchronous Sessions clean-up phase starting NOW
[INFO  - 2017-11-22T12:23:06.627Z] SessionManagerReqHand - _cleanupWindowlessSessions - Asynchronous Sessions clean-up phase starting NOW
[INFO  - 2017-11-22T12:20:35.182Z] SessionManagerReqHand - _cleanupWindowlessSessions - Asynchronous Sessions clean-up phase starting NOW
[INFO  - 2017-11-22T12:05:37.858Z] SessionManagerReqHand - _cleanupWindowlessSessions - Asynchronous Sessions clean-up phase starting NOW
[INFO  - 2017-11-22T12:10:37.860Z] SessionManagerReqHand - _cleanupWindowlessSessions - Asynchronous Sessions clean-up phase starting NOW
[INFO  - 2017-11-22T12:15:37.861Z] SessionManagerReqHand - _cleanupWindowlessSessions - Asynchronous Sessions clean-up phase starting NOW
[INFO  - 2017-11-22T12:20:37.866Z] SessionManagerReqHand - _cleanupWindowlessSessions - Asynchronous Sessions clean-up phase starting NOW
[INFO  - 2017-11-22T11:00:39.448Z] SessionManagerReqHand - _cleanupWindowlessSessions - Asynchronous Sessions clean-up phase starting NOW
[INFO  - 2017-11-22T11:05:39.448Z] SessionManagerReqHand - _cleanupWindowlessSessions - Asynchronous Sessions clean-up phase starting NOW
[INFO  - 2017-11-22T11:10:39.465Z] SessionManagerReqHand - _cleanupWindowlessSessions - Asynchronous Sessions clean-up phase starting NOW
[INFO  - 2017-11-22T11:15:39.450Z] SessionManagerReqHand - _cleanupWindowlessSessions - Asynchronous Sessions clean-up phase starting NOW
[INFO  - 2017-11-22T11:20:39.451Z] SessionManagerReqHand - _cleanupWindowlessSessions - Asynchronous Sessions clean-up phase starting NOW
[INFO  - 2017-11-22T11:25:39.451Z] SessionManagerReqHand - _cleanupWindowlessSessions - Asynchronous Sessions clean-up phase starting NOW
[INFO  - 2017-11-22T11:30:39.453Z] SessionManagerReqHand - _cleanupWindowlessSessions - Asynchronous Sessions clean-up phase starting NOW
[INFO  - 2017-11-22T11:35:39.456Z] SessionManagerReqHand - _cleanupWindowlessSessions - Asynchronous Sessions clean-up phase starting NOW
[INFO  - 2017-11-22T11:40:39.468Z] SessionManagerReqHand - _cleanupWindowlessSessions - Asynchronous Sessions clean-up phase starting NOW
[INFO  - 2017-11-22T11:45:39.459Z] SessionManagerReqHand - _cleanupWindowlessSessions - Asynchronous Sessions clean-up phase starting NOW
[INFO  - 2017-11-22T11:50:39.460Z] SessionManagerReqHand - _cleanupWindowlessSessions - Asynchronous Sessions clean-up phase starting NOW
[INFO  - 2017-11-22T11:55:39.475Z] SessionManagerReqHand - _cleanupWindowlessSessions - Asynchronous Sessions clean-up phase starting NOW
[INFO  - 2017-11-22T12:00:39.509Z] SessionManagerReqHand - _cleanupWindowlessSessions - Asynchronous Sessions clean-up phase starting NOW
[INFO  - 2017-11-22T12:05:39.460Z] SessionManagerReqHand - _cleanupWindowlessSessions - Asynchronous Sessions clean-up phase starting NOW
[INFO  - 2017-11-22T12:10:39.461Z] SessionManagerReqHand - _cleanupWindowlessSessions - Asynchronous Sessions clean-up phase starting NOW
[INFO  - 2017-11-22T12:15:39.462Z] SessionManagerReqHand - _cleanupWindowlessSessions - Asynchronous Sessions clean-up phase starting NOW
[INFO  - 2017-11-22T12:20:39.462Z] SessionManagerReqHand - _cleanupWindowlessSessions - Asynchronous Sessions clean-up phase starting NOW
